[debug] [2021-06-21T14:05:48.587Z] ----------------------------------------------------------------------
[debug] [2021-06-21T14:05:48.597Z] Command:       C:\Program Files\nodejs\node.exe C:\Users\Аня-PC\AppData\Roaming\npm\node_modules\firebase-tools\lib\bin\firebase.js init
[debug] [2021-06-21T14:05:48.598Z] CLI Version:   9.13.1
[debug] [2021-06-21T14:05:48.599Z] Platform:      win32
[debug] [2021-06-21T14:05:48.600Z] Node Version:  v14.17.0
[debug] [2021-06-21T14:05:48.603Z] Time:          Mon Jun 21 2021 17:05:48 GMT+0300 (Москва, стандартное время)
[debug] [2021-06-21T14:05:48.604Z] ----------------------------------------------------------------------
[debug] 
[debug] [2021-06-21T14:05:48.614Z] >>> [apiv2][query] GET https://firebase-public.firebaseio.com/cli.json [none]
[debug] [2021-06-21T14:05:48.702Z] > command requires scopes: ["email","openid","https://www.googleapis.com/auth/cloudplatformprojects.readonly","https://www.googleapis.com/auth/firebase","https://www.googleapis.com/auth/cloud-platform"]
[debug] [2021-06-21T14:05:48.703Z] > authorizing via signed-in user (zholnerchikanna0303@gmail.com)
[info] 
     ######## #### ########  ######## ########     ###     ######  ########
     ##        ##  ##     ## ##       ##     ##  ##   ##  ##       ##
     ######    ##  ########  ######   ########  #########  ######  ######
     ##        ##  ##    ##  ##       ##     ## ##     ##       ## ##
     ##       #### ##     ## ######## ########  ##     ##  ######  ########

You're about to initialize a Firebase project in this directory:

  E:\Front-end\angular-tour-of-heroes

[debug] [2021-06-21T14:05:49.331Z] <<< [apiv2][status] GET https://firebase-public.firebaseio.com/cli.json 200
[debug] [2021-06-21T14:05:49.331Z] <<< [apiv2][body] GET https://firebase-public.firebaseio.com/cli.json {"cloudBuildErrorAfter":1594252800000,"cloudBuildWarnAfter":1590019200000,"defaultNode10After":1594252800000,"minVersion":"3.0.5","node8DeploysDisabledAfter":1613390400000,"node8RuntimeDisabledAfter":1615809600000,"node8WarnAfter":1600128000000}
